<?xml version="1.0" encoding="UTF-8"?>
<!-- Generated by org.testng.reporters.JUnitXMLReporter -->
<testsuite hostname="m" ignored="0" name="Practice Test" tests="3" failures="0" timestamp="13 Jul 2019 22:13:30 GMT" time="7.219" errors="0">
  <testcase name="AddRemoveElements" time="0.986" classname="LearnTestNG.WebElementsPrac"/>
  <testcase name="BasicAuth" time="0.522" classname="LearnTestNG.WebElementsPrac"/>
  <testcase name="BrokenImages" time="0.748" classname="LearnTestNG.WebElementsPrac"/>
</testsuite> <!-- Practice Test -->
