<?xml version="1.0" encoding="UTF-8"?>
<!-- Generated by org.testng.reporters.JUnitXMLReporter -->
<testsuite hostname="m" ignored="0" name="Default test" tests="3" failures="0" timestamp="01 Jul 2019 20:40:36 GMT" time="28.014" errors="0">
  <testcase name="OpenRegForm" time="3.369" classname="LearnTestNG.Practice1"/>
  <testcase name="OpenBankApp" time="1.769" classname="LearnTestNG.Practice1"/>
  <testcase name="CustomerLogin" time="2.176" classname="LearnTestNG.Practice1"/>
</testsuite> <!-- Default test -->
