<?xml version="1.0" encoding="UTF-8"?>
<testng-results skipped="0" failed="0" ignored="0" total="3" passed="3">
  <reporter-output>
  </reporter-output>
  <suite name="Suite" duration-ms="7219" started-at="2019-07-13T22:13:23Z" finished-at="2019-07-13T22:13:30Z">
    <groups>
    </groups>
    <test name="Practice Test" duration-ms="7219" started-at="2019-07-13T22:13:23Z" finished-at="2019-07-13T22:13:30Z">
      <class name="LearnTestNG.WebElementsPrac">
        <test-method status="PASS" signature="StartBrowser()[pri:0, instance:LearnTestNG.WebElementsPrac@490ab905]" name="StartBrowser" is-config="true" duration-ms="4916" started-at="2019-07-13T22:13:23Z" finished-at="2019-07-13T22:13:28Z">
          <reporter-output>
          </reporter-output>
        </test-method> <!-- StartBrowser -->
        <test-method status="PASS" signature="AddRemoveElements()[pri:0, instance:LearnTestNG.WebElementsPrac@490ab905]" name="AddRemoveElements" duration-ms="986" started-at="2019-07-13T22:13:28Z" finished-at="2019-07-13T22:13:29Z">
          <reporter-output>
          </reporter-output>
        </test-method> <!-- AddRemoveElements -->
        <test-method status="PASS" signature="BasicAuth()[pri:0, instance:LearnTestNG.WebElementsPrac@490ab905]" name="BasicAuth" duration-ms="522" started-at="2019-07-13T22:13:29Z" finished-at="2019-07-13T22:13:29Z">
          <reporter-output>
          </reporter-output>
        </test-method> <!-- BasicAuth -->
        <test-method status="PASS" signature="BrokenImages()[pri:0, instance:LearnTestNG.WebElementsPrac@490ab905]" name="BrokenImages" duration-ms="748" started-at="2019-07-13T22:13:29Z" finished-at="2019-07-13T22:13:30Z">
          <reporter-output>
          </reporter-output>
        </test-method> <!-- BrokenImages -->
      </class> <!-- LearnTestNG.WebElementsPrac -->
    </test> <!-- Practice Test -->
  </suite> <!-- Suite -->
</testng-results>
